2016-08-10T14:23:39.7032380Z	DB362A9967F247E99EB657E06355CB4E	GetPreviousVersion	5	
2016-08-10T14:23:59.0127648Z	DB362A9967F247E99EB657E06355CB4E	GetOrderExchangeData	18931	
2016-08-10T14:24:01.8528521Z	DB362A9967F247E99EB657E06355CB4E	OrderExchangeAdapter_GetFilesAsync	352	
2016-08-10T14:24:07.1072402Z	DB362A9967F247E99EB657E06355CB4E	AttachmentRepository_SaveAsync	2125	
2016-08-10T14:24:11.7498736Z	DB362A9967F247E99EB657E06355CB4E	GetPreviousVersion	0	
2016-08-10T14:24:15.1166609Z	DB362A9967F247E99EB657E06355CB4E	CaseRepository_InsertAsync	8009	
2016-08-10T14:24:17.0534911Z	DB362A9967F247E99EB657E06355CB4E	CaseNotificationService_NotifyAboutAsync	1937	
2016-08-10T14:24:17.0564912Z	DB362A9967F247E99EB657E06355CB4E	ProcessMessage	38452	
2016-08-10T14:24:21.1433076Z	DB362A9967F247E99EB657E06355CB4E	GetOrderExchangeData	9302	
2016-08-10T14:24:21.9359694Z	DB362A9967F247E99EB657E06355CB4E	OrderExchangeAdapter_GetFilesAsync	360	
2016-08-10T14:24:24.2359842Z	DB362A9967F247E99EB657E06355CB4E	AttachmentRepository_SaveAsync	41	
2016-08-10T14:24:31.9459310Z	DB362A9967F247E99EB657E06355CB4E	CaseRepository_InsertAsync	7710	
2016-08-10T14:24:33.4216007Z	DB362A9967F247E99EB657E06355CB4E	CaseNotificationService_NotifyAboutAsync	1476	
2016-08-10T14:24:33.4216007Z	DB362A9967F247E99EB657E06355CB4E	ProcessMessage	24468	
2016-08-10T14:24:46.5708387Z	73404105394E4EDAAAD3619573733BF1	GetPreviousVersion	0	
2016-08-10T14:24:57.8813605Z	73404105394E4EDAAAD3619573733BF1	GetOrderExchangeData	11220	
2016-08-10T14:24:58.8263465Z	73404105394E4EDAAAD3619573733BF1	OrderExchangeAdapter_GetFilesAsync	616	
2016-08-10T14:25:01.8189982Z	73404105394E4EDAAAD3619573733BF1	AttachmentRepository_SaveAsync	1570	
2016-08-10T14:25:12.4707662Z	73404105394E4EDAAAD3619573733BF1	CaseRepository_InsertAsync	10651	
2016-08-10T14:25:13.4747327Z	73404105394E4EDAAAD3619573733BF1	CaseNotificationService_NotifyAboutAsync	1004	
2016-08-10T14:25:13.4747327Z	73404105394E4EDAAAD3619573733BF1	ProcessMessage	26907	
2016-08-10T14:32:01.3738509Z	07F911621D08480393C5C56B28D4BD5C	ProcessMessage	470	
2016-08-10T14:32:28.5874207Z	07F911621D08480393C5C56B28D4BD5C	ProcessMessage	11	
2016-08-10T15:25:17.8111251Z	B806A1B226AA4917890CA12715F5B947	GetPreviousVersion	0	
2016-08-10T15:25:49.0234264Z	B806A1B226AA4917890CA12715F5B947	GetPreviousVersion	0	
2016-08-10T15:26:18.0225835Z	B806A1B226AA4917890CA12715F5B947	GetPreviousVersion	0	
2016-08-10T15:26:32.9623574Z	B806A1B226AA4917890CA12715F5B947	GetOrderExchangeData	43856	
2016-08-10T15:26:33.7349046Z	B806A1B226AA4917890CA12715F5B947	OrderExchangeAdapter_GetFilesAsync	487	
2016-08-10T15:26:34.2109046Z	B806A1B226AA4917890CA12715F5B947	GetOrderExchangeData	76251	
2016-08-10T15:26:36.1321972Z	B806A1B226AA4917890CA12715F5B947	OrderExchangeAdapter_GetFilesAsync	512	
2016-08-10T15:26:38.9006436Z	B806A1B226AA4917890CA12715F5B947	GetOrderExchangeData	20796	
2016-08-10T15:26:39.0767387Z	B806A1B226AA4917890CA12715F5B947	AttachmentRepository_SaveAsync	1563	
2016-08-10T15:26:39.1037411Z	B806A1B226AA4917890CA12715F5B947	AttachmentRepository_SaveAsync	3836	
2016-08-10T15:26:39.6213745Z	B806A1B226AA4917890CA12715F5B947	OrderExchangeAdapter_GetFilesAsync	472	
2016-08-10T15:26:41.0337126Z	B806A1B226AA4917890CA12715F5B947	AttachmentRepository_SaveAsync	106	
2016-08-10T15:26:50.8363987Z	B806A1B226AA4917890CA12715F5B947	ProcessMessage	2492	
2016-08-10T15:26:56.6742735Z	B806A1B226AA4917890CA12715F5B947	CaseRepository_InsertAsync	17599	
2016-08-10T15:26:56.6752758Z	B806A1B226AA4917890CA12715F5B947	CaseRepository_InsertAsync	17573	
2016-08-10T15:26:56.6752758Z	B806A1B226AA4917890CA12715F5B947	CaseRepository_InsertAsync	15643	
2016-08-10T15:26:58.1885191Z	B806A1B226AA4917890CA12715F5B947	CaseNotificationService_NotifyAboutAsync	1514	
2016-08-10T15:26:58.1894943Z	B806A1B226AA4917890CA12715F5B947	ProcessMessage	70214	
2016-08-10T15:26:58.2925439Z	B806A1B226AA4917890CA12715F5B947	CaseNotificationService_NotifyAboutAsync	1618	
2016-08-10T15:26:58.2925439Z	B806A1B226AA4917890CA12715F5B947	ProcessMessage	100636	
2016-08-10T15:26:58.3909974Z	B806A1B226AA4917890CA12715F5B947	CaseNotificationService_NotifyAboutAsync	1715	
2016-08-10T15:26:58.3909974Z	B806A1B226AA4917890CA12715F5B947	ProcessMessage	40372	
2016-08-10T15:33:07.3959759Z	07F911621D08480393C5C56B28D4BD5C	ProcessMessage	19	
2016-08-10T15:33:37.7980020Z	07F911621D08480393C5C56B28D4BD5C	ProcessMessage	4	
2016-08-10T16:24:57.6444672Z	535537BB70A944DDBDA72F921A276CD4	GetPreviousVersion	0	
2016-08-10T16:25:27.6818402Z	535537BB70A944DDBDA72F921A276CD4	GetPreviousVersion	0	
2016-08-10T16:25:58.4433745Z	535537BB70A944DDBDA72F921A276CD4	GetPreviousVersion	0	
2016-08-10T16:26:11.2113964Z	535537BB70A944DDBDA72F921A276CD4	GetOrderExchangeData	43444	
2016-08-10T16:26:11.9882752Z	535537BB70A944DDBDA72F921A276CD4	OrderExchangeAdapter_GetFilesAsync	499	
2016-08-10T16:26:13.2642753Z	535537BB70A944DDBDA72F921A276CD4	GetOrderExchangeData	75474	
2016-08-10T16:26:14.1830688Z	535537BB70A944DDBDA72F921A276CD4	OrderExchangeAdapter_GetFilesAsync	494	
2016-08-10T16:26:16.9151545Z	535537BB70A944DDBDA72F921A276CD4	GetOrderExchangeData	18086	
2016-08-10T16:26:17.5958402Z	535537BB70A944DDBDA72F921A276CD4	OrderExchangeAdapter_GetFilesAsync	490	
2016-08-10T16:26:19.0258409Z	535537BB70A944DDBDA72F921A276CD4	AttachmentRepository_SaveAsync	3468	
2016-08-10T16:26:19.0308347Z	535537BB70A944DDBDA72F921A276CD4	AttachmentRepository_SaveAsync	78	
2016-08-10T16:26:19.3798328Z	535537BB70A944DDBDA72F921A276CD4	AttachmentRepository_SaveAsync	5961	
2016-08-10T16:26:29.3088258Z	535537BB70A944DDBDA72F921A276CD4	ProcessMessage	6	
2016-08-10T16:26:37.7091788Z	535537BB70A944DDBDA72F921A276CD4	CaseRepository_InsertAsync	18330	
2016-08-10T16:26:37.7091788Z	535537BB70A944DDBDA72F921A276CD4	CaseRepository_InsertAsync	18683	
2016-08-10T16:26:38.8745180Z	535537BB70A944DDBDA72F921A276CD4	CaseNotificationService_NotifyAboutAsync	1165	
2016-08-10T16:26:38.8745180Z	535537BB70A944DDBDA72F921A276CD4	ProcessMessage	101265	
2016-08-10T16:26:38.9759085Z	535537BB70A944DDBDA72F921A276CD4	CaseNotificationService_NotifyAboutAsync	1267	
2016-08-10T16:26:38.9759085Z	535537BB70A944DDBDA72F921A276CD4	ProcessMessage	71298	
2016-08-10T16:26:42.0511746Z	535537BB70A944DDBDA72F921A276CD4	CaseRepository_InsertAsync	23021	
2016-08-10T16:26:43.0228799Z	535537BB70A944DDBDA72F921A276CD4	CaseNotificationService_NotifyAboutAsync	972	
2016-08-10T16:26:43.0228799Z	535537BB70A944DDBDA72F921A276CD4	ProcessMessage	44583	
2016-08-10T16:34:46.1304534Z	07F911621D08480393C5C56B28D4BD5C	ProcessMessage	28	
2016-08-10T16:35:17.4729050Z	07F911621D08480393C5C56B28D4BD5C	ProcessMessage	4	
2016-08-10T17:25:23.5182931Z	CDF775328EFA47B9A5F72ACF30DBD8A6	GetPreviousVersion	0	
2016-08-10T17:25:54.6716060Z	CDF775328EFA47B9A5F72ACF30DBD8A6	GetPreviousVersion	0	
2016-08-10T17:26:24.5663292Z	CDF775328EFA47B9A5F72ACF30DBD8A6	GetPreviousVersion	0	
2016-08-10T17:26:36.9980213Z	CDF775328EFA47B9A5F72ACF30DBD8A6	GetOrderExchangeData	42229	
2016-08-10T17:26:38.6290729Z	CDF775328EFA47B9A5F72ACF30DBD8A6	OrderExchangeAdapter_GetFilesAsync	516	
2016-08-10T17:26:39.9910643Z	CDF775328EFA47B9A5F72ACF30DBD8A6	GetOrderExchangeData	76194	
2016-08-10T17:26:41.0937353Z	CDF775328EFA47B9A5F72ACF30DBD8A6	OrderExchangeAdapter_GetFilesAsync	504	
2016-08-10T17:26:42.7337817Z	CDF775328EFA47B9A5F72ACF30DBD8A6	GetOrderExchangeData	18082	
2016-08-10T17:26:45.0924150Z	CDF775328EFA47B9A5F72ACF30DBD8A6	OrderExchangeAdapter_GetFilesAsync	487	
2016-08-10T17:26:46.9744548Z	CDF775328EFA47B9A5F72ACF30DBD8A6	AttachmentRepository_SaveAsync	6927	
2016-08-10T17:26:47.0733778Z	CDF775328EFA47B9A5F72ACF30DBD8A6	AttachmentRepository_SaveAsync	580	
2016-08-10T17:26:47.0873890Z	CDF775328EFA47B9A5F72ACF30DBD8A6	AttachmentRepository_SaveAsync	4594	
2016-08-10T17:27:00.1606150Z	CDF775328EFA47B9A5F72ACF30DBD8A6	ProcessMessage	4859	
2016-08-10T17:27:06.0418680Z	CDF775328EFA47B9A5F72ACF30DBD8A6	CaseRepository_InsertAsync	18969	
2016-08-10T17:27:06.0968758Z	CDF775328EFA47B9A5F72ACF30DBD8A6	CaseRepository_InsertAsync	19122	
2016-08-10T17:27:06.1558749Z	CDF775328EFA47B9A5F72ACF30DBD8A6	CaseRepository_InsertAsync	19068	
2016-08-10T17:27:07.3137366Z	CDF775328EFA47B9A5F72ACF30DBD8A6	CaseNotificationService_NotifyAboutAsync	1217	
2016-08-10T17:27:07.3137366Z	CDF775328EFA47B9A5F72ACF30DBD8A6	ProcessMessage	73323	
2016-08-10T17:27:07.4650180Z	CDF775328EFA47B9A5F72ACF30DBD8A6	CaseNotificationService_NotifyAboutAsync	1423	
2016-08-10T17:27:07.4650180Z	CDF775328EFA47B9A5F72ACF30DBD8A6	ProcessMessage	42901	
2016-08-10T17:27:07.5506373Z	CDF775328EFA47B9A5F72ACF30DBD8A6	CaseNotificationService_NotifyAboutAsync	1395	
2016-08-10T17:27:07.5506373Z	CDF775328EFA47B9A5F72ACF30DBD8A6	ProcessMessage	104055	
2016-08-10T17:32:52.5992049Z	07F911621D08480393C5C56B28D4BD5C	ProcessMessage	18	
2016-08-10T17:33:25.8562056Z	07F911621D08480393C5C56B28D4BD5C	ProcessMessage	3	
2016-08-10T18:25:22.1114762Z	9DFE8CB7AF3B48DAAD770400B7BD8739	GetPreviousVersion	0	
2016-08-10T18:25:52.5423998Z	9DFE8CB7AF3B48DAAD770400B7BD8739	GetPreviousVersion	0	
2016-08-10T18:26:23.0987621Z	9DFE8CB7AF3B48DAAD770400B7BD8739	GetPreviousVersion	0	
2016-08-10T18:26:34.1793561Z	9DFE8CB7AF3B48DAAD770400B7BD8739	GetOrderExchangeData	41513	
2016-08-10T18:26:34.9731855Z	9DFE8CB7AF3B48DAAD770400B7BD8739	OrderExchangeAdapter_GetFilesAsync	500	
2016-08-10T18:26:36.4141762Z	9DFE8CB7AF3B48DAAD770400B7BD8739	GetOrderExchangeData	74185	
2016-08-10T18:26:37.2059416Z	9DFE8CB7AF3B48DAAD770400B7BD8739	OrderExchangeAdapter_GetFilesAsync	510	
2016-08-10T18:26:39.8955277Z	9DFE8CB7AF3B48DAAD770400B7BD8739	AttachmentRepository_SaveAsync	3524	
2016-08-10T18:26:39.9155320Z	9DFE8CB7AF3B48DAAD770400B7BD8739	AttachmentRepository_SaveAsync	1271	
2016-08-10T18:26:40.5425962Z	9DFE8CB7AF3B48DAAD770400B7BD8739	GetOrderExchangeData	17352	
2016-08-10T18:26:41.2879047Z	9DFE8CB7AF3B48DAAD770400B7BD8739	OrderExchangeAdapter_GetFilesAsync	489	
2016-08-10T18:26:42.7254771Z	9DFE8CB7AF3B48DAAD770400B7BD8739	AttachmentRepository_SaveAsync	85	
2016-08-10T18:26:54.2681322Z	9DFE8CB7AF3B48DAAD770400B7BD8739	CaseRepository_InsertAsync	14373	
2016-08-10T18:26:55.4285380Z	9DFE8CB7AF3B48DAAD770400B7BD8739	CaseNotificationService_NotifyAboutAsync	1160	
2016-08-10T18:26:55.4285380Z	9DFE8CB7AF3B48DAAD770400B7BD8739	ProcessMessage	62893	
2016-08-10T18:26:57.3555961Z	9DFE8CB7AF3B48DAAD770400B7BD8739	ProcessMessage	3590	
2016-08-10T18:26:57.9743568Z	9DFE8CB7AF3B48DAAD770400B7BD8739	CaseRepository_InsertAsync	18059	
2016-08-10T18:26:58.0193245Z	9DFE8CB7AF3B48DAAD770400B7BD8739	CaseRepository_InsertAsync	15295	
2016-08-10T18:26:59.0229140Z	9DFE8CB7AF3B48DAAD770400B7BD8739	CaseNotificationService_NotifyAboutAsync	1048	
2016-08-10T18:26:59.0229140Z	9DFE8CB7AF3B48DAAD770400B7BD8739	ProcessMessage	96946	
2016-08-10T18:26:59.0604139Z	9DFE8CB7AF3B48DAAD770400B7BD8739	CaseNotificationService_NotifyAboutAsync	1041	
2016-08-10T18:26:59.0604139Z	9DFE8CB7AF3B48DAAD770400B7BD8739	ProcessMessage	35966	
2016-08-10T18:33:06.2281274Z	07F911621D08480393C5C56B28D4BD5C	ProcessMessage	28	
2016-08-10T18:33:37.9861917Z	07F911621D08480393C5C56B28D4BD5C	ProcessMessage	528	
2016-08-10T18:57:03.5641241Z	CB03303C495A48A382D8927A22A13D2C	GetPreviousVersion	0	
2016-08-10T18:57:33.9024187Z	CB03303C495A48A382D8927A22A13D2C	GetPreviousVersion	0	
2016-08-10T18:58:03.9555238Z	CB03303C495A48A382D8927A22A13D2C	GetPreviousVersion	0	
2016-08-10T18:58:12.9826199Z	CB03303C495A48A382D8927A22A13D2C	GetOrderExchangeData	39000	
2016-08-10T18:58:13.7349726Z	CB03303C495A48A382D8927A22A13D2C	OrderExchangeAdapter_GetFilesAsync	489	
2016-08-10T18:58:15.5940462Z	CB03303C495A48A382D8927A22A13D2C	GetOrderExchangeData	71882	
2016-08-10T18:58:16.3119804Z	CB03303C495A48A382D8927A22A13D2C	OrderExchangeAdapter_GetFilesAsync	483	
2016-08-10T18:58:18.2791306Z	CB03303C495A48A382D8927A22A13D2C	AttachmentRepository_SaveAsync	3159	
2016-08-10T18:58:18.3809948Z	CB03303C495A48A382D8927A22A13D2C	AttachmentRepository_SaveAsync	563	
2016-08-10T18:58:21.4540929Z	CB03303C495A48A382D8927A22A13D2C	GetOrderExchangeData	17417	
2016-08-10T18:58:22.3122635Z	CB03303C495A48A382D8927A22A13D2C	OrderExchangeAdapter_GetFilesAsync	468	
2016-08-10T18:58:23.7397424Z	CB03303C495A48A382D8927A22A13D2C	AttachmentRepository_SaveAsync	67	
2016-08-10T18:58:32.9309306Z	CB03303C495A48A382D8927A22A13D2C	CaseRepository_InsertAsync	14652	
2016-08-10T18:58:34.0641476Z	CB03303C495A48A382D8927A22A13D2C	CaseNotificationService_NotifyAboutAsync	1133	
2016-08-10T18:58:34.0641476Z	CB03303C495A48A382D8927A22A13D2C	ProcessMessage	60165	
2016-08-10T18:58:34.0794614Z	CB03303C495A48A382D8927A22A13D2C	ProcessMessage	7	
2016-08-10T18:58:43.5768398Z	CB03303C495A48A382D8927A22A13D2C	CaseRepository_InsertAsync	25196	
2016-08-10T18:58:43.8698898Z	CB03303C495A48A382D8927A22A13D2C	CaseRepository_InsertAsync	20130	
2016-08-10T18:58:44.3753731Z	CB03303C495A48A382D8927A22A13D2C	CaseNotificationService_NotifyAboutAsync	798	
2016-08-10T18:58:44.3753731Z	CB03303C495A48A382D8927A22A13D2C	ProcessMessage	100830	
2016-08-10T18:58:44.6435170Z	CB03303C495A48A382D8927A22A13D2C	CaseNotificationService_NotifyAboutAsync	774	
2016-08-10T18:58:44.6435170Z	CB03303C495A48A382D8927A22A13D2C	ProcessMessage	40691	
2016-08-10T18:59:11.2128805Z	EFB81D5D3BE4456693DEC5F5D9D91A78	GetPreviousVersion	0	
2016-08-10T18:59:22.4625371Z	EFB81D5D3BE4456693DEC5F5D9D91A78	GetOrderExchangeData	11152	
2016-08-10T18:59:23.2747117Z	EFB81D5D3BE4456693DEC5F5D9D91A78	OrderExchangeAdapter_GetFilesAsync	510	
2016-08-10T18:59:25.9025904Z	EFB81D5D3BE4456693DEC5F5D9D91A78	AttachmentRepository_SaveAsync	1257	
2016-08-10T18:59:38.9932407Z	EFB81D5D3BE4456693DEC5F5D9D91A78	CaseRepository_InsertAsync	13092	
2016-08-10T18:59:39.7686171Z	EFB81D5D3BE4456693DEC5F5D9D91A78	CaseNotificationService_NotifyAboutAsync	775	
2016-08-10T18:59:39.7686171Z	EFB81D5D3BE4456693DEC5F5D9D91A78	ProcessMessage	28560	
2016-08-10T19:01:11.9065326Z	AFAB847D99154A2ABBB0F785B045F8F2	GetPreviousVersion	0	
2016-08-10T19:01:22.6571803Z	AFAB847D99154A2ABBB0F785B045F8F2	GetOrderExchangeData	10663	
2016-08-10T19:01:24.1118969Z	AFAB847D99154A2ABBB0F785B045F8F2	OrderExchangeAdapter_GetFilesAsync	566	
2016-08-10T19:01:26.7186547Z	AFAB847D99154A2ABBB0F785B045F8F2	AttachmentRepository_SaveAsync	1251	
2016-08-10T19:01:33.6513560Z	AFAB847D99154A2ABBB0F785B045F8F2	CaseRepository_InsertAsync	6933	
2016-08-10T19:01:34.4924286Z	AFAB847D99154A2ABBB0F785B045F8F2	CaseNotificationService_NotifyAboutAsync	842	
2016-08-10T19:01:34.4933245Z	AFAB847D99154A2ABBB0F785B045F8F2	ProcessMessage	24501	
2016-08-10T19:03:12.1184415Z	D6323DD1A5EE496E8655A0A29A5D26FC	GetPreviousVersion	0	
2016-08-10T19:03:30.9218307Z	D6323DD1A5EE496E8655A0A29A5D26FC	GetOrderExchangeData	18721	
2016-08-10T19:03:33.3400174Z	D6323DD1A5EE496E8655A0A29A5D26FC	OrderExchangeAdapter_GetFilesAsync	576	
2016-08-10T19:03:36.0361502Z	D6323DD1A5EE496E8655A0A29A5D26FC	AttachmentRepository_SaveAsync	1325	
2016-08-10T19:03:43.2941778Z	D6323DD1A5EE496E8655A0A29A5D26FC	ProcessMessage	1150	
2016-08-10T19:03:43.3545873Z	D6323DD1A5EE496E8655A0A29A5D26FC	CaseRepository_InsertAsync	7318	
2016-08-10T19:03:44.3015233Z	D6323DD1A5EE496E8655A0A29A5D26FC	CaseNotificationService_NotifyAboutAsync	947	
2016-08-10T19:03:44.3015233Z	D6323DD1A5EE496E8655A0A29A5D26FC	ProcessMessage	32185	
2016-08-10T19:05:07.6152831Z	C49171BEF9AD4FB194CF76F5F4169D29	GetPreviousVersion	0	
2016-08-10T19:05:18.7271875Z	C49171BEF9AD4FB194CF76F5F4169D29	GetOrderExchangeData	11012	
2016-08-10T19:05:19.5468777Z	C49171BEF9AD4FB194CF76F5F4169D29	OrderExchangeAdapter_GetFilesAsync	558	
2016-08-10T19:05:22.2563349Z	C49171BEF9AD4FB194CF76F5F4169D29	AttachmentRepository_SaveAsync	1298	
2016-08-10T19:05:35.8805159Z	C49171BEF9AD4FB194CF76F5F4169D29	CaseRepository_InsertAsync	13624	
2016-08-10T19:05:36.7084595Z	C49171BEF9AD4FB194CF76F5F4169D29	CaseNotificationService_NotifyAboutAsync	828	
2016-08-10T19:05:36.7084595Z	C49171BEF9AD4FB194CF76F5F4169D29	ProcessMessage	29096	
2016-08-10T19:07:01.5728238Z	FFB45570283945FFBE93F96564EA0A23	GetPreviousVersion	0	
2016-08-10T19:07:14.3811629Z	FFB45570283945FFBE93F96564EA0A23	GetOrderExchangeData	11934	
2016-08-10T19:07:15.8138995Z	FFB45570283945FFBE93F96564EA0A23	OrderExchangeAdapter_GetFilesAsync	517	
2016-08-10T19:07:18.5162409Z	FFB45570283945FFBE93F96564EA0A23	AttachmentRepository_SaveAsync	1367	
2016-08-10T19:07:22.1662971Z	FFB45570283945FFBE93F96564EA0A23	CaseRepository_InsertAsync	3650	
2016-08-10T19:07:22.9599208Z	FFB45570283945FFBE93F96564EA0A23	CaseNotificationService_NotifyAboutAsync	793	
2016-08-10T19:07:22.9599208Z	FFB45570283945FFBE93F96564EA0A23	ProcessMessage	21391	
2016-08-10T19:08:53.7187909Z	D279B7160A954C759149EB90C39DB39B	GetPreviousVersion	0	
2016-08-10T19:09:04.7837049Z	D279B7160A954C759149EB90C39DB39B	GetOrderExchangeData	10982	
2016-08-10T19:09:05.6663956Z	D279B7160A954C759149EB90C39DB39B	OrderExchangeAdapter_GetFilesAsync	524	
2016-08-10T19:09:08.3823833Z	D279B7160A954C759149EB90C39DB39B	AttachmentRepository_SaveAsync	1339	
2016-08-10T19:09:19.2118424Z	D279B7160A954C759149EB90C39DB39B	CaseRepository_InsertAsync	10829	
2016-08-10T19:09:20.2691904Z	D279B7160A954C759149EB90C39DB39B	CaseNotificationService_NotifyAboutAsync	1058	
2016-08-10T19:09:20.2691904Z	D279B7160A954C759149EB90C39DB39B	ProcessMessage	26554	
2016-08-10T19:24:34.3205469Z	969D4695ED54434DB599118E816D5E33	GetPreviousVersion	0	
2016-08-10T19:24:45.7816128Z	969D4695ED54434DB599118E816D5E33	GetOrderExchangeData	11341	
2016-08-10T19:24:46.5808009Z	969D4695ED54434DB599118E816D5E33	OrderExchangeAdapter_GetFilesAsync	544	
2016-08-10T19:24:49.4806736Z	969D4695ED54434DB599118E816D5E33	AttachmentRepository_SaveAsync	1502	
2016-08-10T19:24:59.1420922Z	969D4695ED54434DB599118E816D5E33	CaseRepository_InsertAsync	9662	
2016-08-10T19:25:00.2620855Z	969D4695ED54434DB599118E816D5E33	CaseNotificationService_NotifyAboutAsync	1120	
2016-08-10T19:25:00.2630915Z	969D4695ED54434DB599118E816D5E33	ProcessMessage	25970	
2016-08-10T19:31:44.1017196Z	07F911621D08480393C5C56B28D4BD5C	ProcessMessage	29	
2016-08-10T19:32:12.1167558Z	07F911621D08480393C5C56B28D4BD5C	ProcessMessage	4	
2016-08-10T20:25:12.0745627Z	001042EE293647998DDAF8C866CB0562	GetPreviousVersion	0	
2016-08-10T20:25:42.5843253Z	001042EE293647998DDAF8C866CB0562	GetPreviousVersion	0	
2016-08-10T20:26:13.0536342Z	001042EE293647998DDAF8C866CB0562	GetPreviousVersion	0	
2016-08-10T20:26:22.6168969Z	001042EE293647998DDAF8C866CB0562	GetOrderExchangeData	39943	
2016-08-10T20:26:23.4213207Z	001042EE293647998DDAF8C866CB0562	OrderExchangeAdapter_GetFilesAsync	522	
2016-08-10T20:26:23.8363221Z	001042EE293647998DDAF8C866CB0562	GetOrderExchangeData	71655	
2016-08-10T20:26:25.6345989Z	001042EE293647998DDAF8C866CB0562	OrderExchangeAdapter_GetFilesAsync	509	
2016-08-10T20:26:28.3943665Z	001042EE293647998DDAF8C866CB0562	AttachmentRepository_SaveAsync	3555	
2016-08-10T20:26:28.6160352Z	001042EE293647998DDAF8C866CB0562	AttachmentRepository_SaveAsync	1605	
2016-08-10T20:26:31.1940791Z	001042EE293647998DDAF8C866CB0562	GetOrderExchangeData	18066	
2016-08-10T20:26:31.9456981Z	001042EE293647998DDAF8C866CB0562	OrderExchangeAdapter_GetFilesAsync	498	
2016-08-10T20:26:33.5121475Z	001042EE293647998DDAF8C866CB0562	AttachmentRepository_SaveAsync	78	
2016-08-10T20:26:48.7877781Z	001042EE293647998DDAF8C866CB0562	ProcessMessage	5116	
2016-08-10T20:26:52.1055167Z	001042EE293647998DDAF8C866CB0562	CaseRepository_InsertAsync	18593	
2016-08-10T20:26:52.7170424Z	001042EE293647998DDAF8C866CB0562	CaseRepository_InsertAsync	24100	
2016-08-10T20:26:52.7170424Z	001042EE293647998DDAF8C866CB0562	CaseRepository_InsertAsync	24323	
2016-08-10T20:26:53.7893127Z	001042EE293647998DDAF8C866CB0562	CaseNotificationService_NotifyAboutAsync	1684	
2016-08-10T20:26:53.7893127Z	001042EE293647998DDAF8C866CB0562	ProcessMessage	40739	
2016-08-10T20:26:54.1851232Z	001042EE293647998DDAF8C866CB0562	CaseNotificationService_NotifyAboutAsync	1468	
2016-08-10T20:26:54.1861348Z	001042EE293647998DDAF8C866CB0562	ProcessMessage	71603	
2016-08-10T20:26:54.2671327Z	001042EE293647998DDAF8C866CB0562	CaseNotificationService_NotifyAboutAsync	1550	
2016-08-10T20:26:54.2671327Z	001042EE293647998DDAF8C866CB0562	ProcessMessage	102226	
2016-08-10T20:31:56.7245995Z	07F911621D08480393C5C56B28D4BD5C	ProcessMessage	29	
2016-08-10T20:32:28.1087824Z	07F911621D08480393C5C56B28D4BD5C	ProcessMessage	3	
2016-08-10T21:25:10.3129476Z	E6BCC7701F66411A800036F36D53F8C1	GetPreviousVersion	0	
2016-08-10T21:25:40.3198142Z	E6BCC7701F66411A800036F36D53F8C1	GetPreviousVersion	0	
2016-08-10T21:26:10.6326589Z	E6BCC7701F66411A800036F36D53F8C1	GetPreviousVersion	0	
2016-08-10T21:26:20.6266520Z	E6BCC7701F66411A800036F36D53F8C1	GetOrderExchangeData	40196	
2016-08-10T21:26:21.4695161Z	E6BCC7701F66411A800036F36D53F8C1	OrderExchangeAdapter_GetFilesAsync	523	
2016-08-10T21:26:24.1797649Z	E6BCC7701F66411A800036F36D53F8C1	AttachmentRepository_SaveAsync	1328	
2016-08-10T21:26:24.9393217Z	E6BCC7701F66411A800036F36D53F8C1	GetOrderExchangeData	74519	
2016-08-10T21:26:25.8334242Z	E6BCC7701F66411A800036F36D53F8C1	OrderExchangeAdapter_GetFilesAsync	481	
2016-08-10T21:26:27.2754550Z	E6BCC7701F66411A800036F36D53F8C1	AttachmentRepository_SaveAsync	66	
2016-08-10T21:26:28.3154541Z	E6BCC7701F66411A800036F36D53F8C1	GetOrderExchangeData	17606	
2016-08-10T21:26:29.1578392Z	E6BCC7701F66411A800036F36D53F8C1	OrderExchangeAdapter_GetFilesAsync	480	
2016-08-10T21:26:30.5999655Z	E6BCC7701F66411A800036F36D53F8C1	AttachmentRepository_SaveAsync	89	
2016-08-10T21:26:41.6658969Z	E6BCC7701F66411A800036F36D53F8C1	ProcessMessage	834	
2016-08-10T21:26:43.8729411Z	E6BCC7701F66411A800036F36D53F8C1	CaseRepository_InsertAsync	19693	
2016-08-10T21:26:43.8729411Z	E6BCC7701F66411A800036F36D53F8C1	CaseRepository_InsertAsync	13273	
2016-08-10T21:26:43.8739140Z	E6BCC7701F66411A800036F36D53F8C1	CaseRepository_InsertAsync	16598	
2016-08-10T21:26:45.1684212Z	E6BCC7701F66411A800036F36D53F8C1	CaseNotificationService_NotifyAboutAsync	1294	
2016-08-10T21:26:45.1684212Z	E6BCC7701F66411A800036F36D53F8C1	ProcessMessage	94882	
2016-08-10T21:26:45.2540632Z	E6BCC7701F66411A800036F36D53F8C1	CaseNotificationService_NotifyAboutAsync	1381	
2016-08-10T21:26:45.2540632Z	E6BCC7701F66411A800036F36D53F8C1	ProcessMessage	34624	
2016-08-10T21:26:45.5676827Z	E6BCC7701F66411A800036F36D53F8C1	CaseNotificationService_NotifyAboutAsync	1695	
2016-08-10T21:26:45.5676827Z	E6BCC7701F66411A800036F36D53F8C1	ProcessMessage	65250	
2016-08-10T21:31:47.5200135Z	07F911621D08480393C5C56B28D4BD5C	ProcessMessage	28	
2016-08-10T21:32:20.0515567Z	07F911621D08480393C5C56B28D4BD5C	ProcessMessage	8	
2016-08-10T22:25:12.9704709Z	9BB8791256BD4FFA9A9B7E0D37616167	GetPreviousVersion	0	
2016-08-10T22:25:43.5196866Z	9BB8791256BD4FFA9A9B7E0D37616167	GetPreviousVersion	0	
2016-08-10T22:26:14.0152107Z	9BB8791256BD4FFA9A9B7E0D37616167	GetPreviousVersion	0	
2016-08-10T22:26:24.2636743Z	9BB8791256BD4FFA9A9B7E0D37616167	GetOrderExchangeData	40647	
2016-08-10T22:26:25.0586657Z	9BB8791256BD4FFA9A9B7E0D37616167	OrderExchangeAdapter_GetFilesAsync	493	
2016-08-10T22:26:26.3256739Z	9BB8791256BD4FFA9A9B7E0D37616167	GetOrderExchangeData	73201	
2016-08-10T22:26:27.2639028Z	9BB8791256BD4FFA9A9B7E0D37616167	OrderExchangeAdapter_GetFilesAsync	471	
2016-08-10T22:26:29.6483147Z	9BB8791256BD4FFA9A9B7E0D37616167	AttachmentRepository_SaveAsync	3170	
2016-08-10T22:26:29.6822893Z	9BB8791256BD4FFA9A9B7E0D37616167	AttachmentRepository_SaveAsync	957	
2016-08-10T22:26:31.5907337Z	9BB8791256BD4FFA9A9B7E0D37616167	GetOrderExchangeData	17491	
2016-08-10T22:26:32.3643168Z	9BB8791256BD4FFA9A9B7E0D37616167	OrderExchangeAdapter_GetFilesAsync	503	
2016-08-10T22:26:33.9013473Z	9BB8791256BD4FFA9A9B7E0D37616167	AttachmentRepository_SaveAsync	70	
2016-08-10T22:26:44.6238061Z	9BB8791256BD4FFA9A9B7E0D37616167	ProcessMessage	233	
2016-08-10T22:26:49.1052871Z	9BB8791256BD4FFA9A9B7E0D37616167	CaseRepository_InsertAsync	19423	
2016-08-10T22:26:49.3614336Z	9BB8791256BD4FFA9A9B7E0D37616167	CaseRepository_InsertAsync	19713	
2016-08-10T22:26:50.3776728Z	9BB8791256BD4FFA9A9B7E0D37616167	CaseNotificationService_NotifyAboutAsync	1272	
2016-08-10T22:26:50.3776728Z	9BB8791256BD4FFA9A9B7E0D37616167	ProcessMessage	97434	
2016-08-10T22:26:50.5368389Z	9BB8791256BD4FFA9A9B7E0D37616167	CaseNotificationService_NotifyAboutAsync	1176	
2016-08-10T22:26:50.5368389Z	9BB8791256BD4FFA9A9B7E0D37616167	ProcessMessage	67020	
2016-08-10T22:26:55.7357880Z	9BB8791256BD4FFA9A9B7E0D37616167	CaseRepository_InsertAsync	21835	
2016-08-10T22:26:56.7531844Z	9BB8791256BD4FFA9A9B7E0D37616167	CaseNotificationService_NotifyAboutAsync	1017	
2016-08-10T22:26:56.7531844Z	9BB8791256BD4FFA9A9B7E0D37616167	ProcessMessage	42741	
2016-08-10T22:31:26.4994220Z	07F911621D08480393C5C56B28D4BD5C	ProcessMessage	31	
2016-08-10T22:31:56.5254978Z	07F911621D08480393C5C56B28D4BD5C	ProcessMessage	5	
2016-08-10T23:25:26.6039307Z	400C4DE27CAE4F059C59526F3B52A11A	GetPreviousVersion	0	
2016-08-10T23:25:56.6568196Z	400C4DE27CAE4F059C59526F3B52A11A	GetPreviousVersion	0	
2016-08-10T23:26:26.9771742Z	400C4DE27CAE4F059C59526F3B52A11A	GetPreviousVersion	0	
2016-08-10T23:26:39.3148871Z	400C4DE27CAE4F059C59526F3B52A11A	GetOrderExchangeData	42541	
2016-08-10T23:26:39.9696338Z	400C4DE27CAE4F059C59526F3B52A11A	OrderExchangeAdapter_GetFilesAsync	455	
2016-08-10T23:26:42.0643303Z	400C4DE27CAE4F059C59526F3B52A11A	GetOrderExchangeData	75239	
2016-08-10T23:26:42.8933296Z	400C4DE27CAE4F059C59526F3B52A11A	OrderExchangeAdapter_GetFilesAsync	552	
2016-08-10T23:26:44.9006056Z	400C4DE27CAE4F059C59526F3B52A11A	AttachmentRepository_SaveAsync	3499	
2016-08-10T23:26:44.9904468Z	400C4DE27CAE4F059C59526F3B52A11A	AttachmentRepository_SaveAsync	616	
2016-08-10T23:26:45.8003351Z	400C4DE27CAE4F059C59526F3B52A11A	GetOrderExchangeData	18741	
2016-08-10T23:26:46.5242035Z	400C4DE27CAE4F059C59526F3B52A11A	OrderExchangeAdapter_GetFilesAsync	464	
2016-08-10T23:26:48.0262266Z	400C4DE27CAE4F059C59526F3B52A11A	AttachmentRepository_SaveAsync	73	
2016-08-10T23:26:58.7984452Z	400C4DE27CAE4F059C59526F3B52A11A	CaseRepository_InsertAsync	10772	
2016-08-10T23:27:00.0194999Z	400C4DE27CAE4F059C59526F3B52A11A	CaseNotificationService_NotifyAboutAsync	1221	
2016-08-10T23:27:00.0194999Z	400C4DE27CAE4F059C59526F3B52A11A	ProcessMessage	33045	
2016-08-10T23:27:02.0440105Z	400C4DE27CAE4F059C59526F3B52A11A	ProcessMessage	4939	
2016-08-10T23:27:03.1509956Z	400C4DE27CAE4F059C59526F3B52A11A	CaseRepository_InsertAsync	18250	
2016-08-10T23:27:03.1821795Z	400C4DE27CAE4F059C59526F3B52A11A	CaseRepository_InsertAsync	18192	
2016-08-10T23:27:04.1285583Z	400C4DE27CAE4F059C59526F3B52A11A	CaseNotificationService_NotifyAboutAsync	978	
2016-08-10T23:27:04.1285583Z	400C4DE27CAE4F059C59526F3B52A11A	ProcessMessage	67474	
2016-08-10T23:27:04.2080013Z	400C4DE27CAE4F059C59526F3B52A11A	CaseNotificationService_NotifyAboutAsync	1026	
2016-08-10T23:27:04.2080013Z	400C4DE27CAE4F059C59526F3B52A11A	ProcessMessage	97639	
2016-08-10T23:32:12.4987203Z	07F911621D08480393C5C56B28D4BD5C	ProcessMessage	29	
2016-08-10T23:32:45.9582949Z	07F911621D08480393C5C56B28D4BD5C	ProcessMessage	3	
2016-08-11T00:25:27.7147709Z	C00BE06212E4457E90705D63B6BB7D61	GetPreviousVersion	0	
2016-08-11T00:25:59.0562995Z	C00BE06212E4457E90705D63B6BB7D61	GetPreviousVersion	0	
2016-08-11T00:26:27.8573521Z	C00BE06212E4457E90705D63B6BB7D61	GetPreviousVersion	0	
2016-08-11T00:26:43.2855977Z	C00BE06212E4457E90705D63B6BB7D61	GetOrderExchangeData	75404	
2016-08-11T00:26:44.1035456Z	C00BE06212E4457E90705D63B6BB7D61	OrderExchangeAdapter_GetFilesAsync	558	
2016-08-11T00:26:44.9545457Z	C00BE06212E4457E90705D63B6BB7D61	GetOrderExchangeData	45808	
2016-08-11T00:26:46.1675364Z	C00BE06212E4457E90705D63B6BB7D61	OrderExchangeAdapter_GetFilesAsync	478	
2016-08-11T00:26:48.0556562Z	C00BE06212E4457E90705D63B6BB7D61	GetOrderExchangeData	19191	
2016-08-11T00:26:48.8899508Z	C00BE06212E4457E90705D63B6BB7D61	OrderExchangeAdapter_GetFilesAsync	542	
2016-08-11T00:26:50.8587599Z	C00BE06212E4457E90705D63B6BB7D61	AttachmentRepository_SaveAsync	5288	
2016-08-11T00:26:50.8726731Z	C00BE06212E4457E90705D63B6BB7D61	AttachmentRepository_SaveAsync	3257	
2016-08-11T00:26:50.9357647Z	C00BE06212E4457E90705D63B6BB7D61	AttachmentRepository_SaveAsync	534	
2016-08-11T00:27:00.2619425Z	C00BE06212E4457E90705D63B6BB7D61	ProcessMessage	1773	
2016-08-11T00:27:01.0539289Z	C00BE06212E4457E90705D63B6BB7D61	CaseRepository_InsertAsync	10195	
2016-08-11T00:27:02.2782989Z	C00BE06212E4457E90705D63B6BB7D61	CaseNotificationService_NotifyAboutAsync	1225	
2016-08-11T00:27:02.2792749Z	C00BE06212E4457E90705D63B6BB7D61	ProcessMessage	94592	
2016-08-11T00:27:07.0109849Z	C00BE06212E4457E90705D63B6BB7D61	CaseRepository_InsertAsync	16075	
2016-08-11T00:27:07.0109849Z	C00BE06212E4457E90705D63B6BB7D61	CaseRepository_InsertAsync	16139	
2016-08-11T00:27:08.0028082Z	C00BE06212E4457E90705D63B6BB7D61	CaseNotificationService_NotifyAboutAsync	992	
2016-08-11T00:27:08.0038087Z	C00BE06212E4457E90705D63B6BB7D61	ProcessMessage	70252	
2016-08-11T00:27:08.0518085Z	C00BE06212E4457E90705D63B6BB7D61	CaseNotificationService_NotifyAboutAsync	1041	
2016-08-11T00:27:08.0518085Z	C00BE06212E4457E90705D63B6BB7D61	ProcessMessage	40197	
2016-08-11T00:31:46.4169540Z	07F911621D08480393C5C56B28D4BD5C	ProcessMessage	18	
2016-08-11T00:32:16.5162887Z	07F911621D08480393C5C56B28D4BD5C	ProcessMessage	3	
2016-08-11T01:25:23.0067589Z	4E0DD3456A6A4700B6350750D42C4460	GetPreviousVersion	0	
2016-08-11T01:25:54.1637772Z	4E0DD3456A6A4700B6350750D42C4460	GetPreviousVersion	0	
2016-08-11T01:26:22.0835300Z	4E0DD3456A6A4700B6350750D42C4460	GetPreviousVersion	0	
2016-08-11T01:26:35.1232643Z	4E0DD3456A6A4700B6350750D42C4460	GetOrderExchangeData	40869	
2016-08-11T01:26:35.9407597Z	4E0DD3456A6A4700B6350750D42C4460	OrderExchangeAdapter_GetFilesAsync	545	
2016-08-11T01:26:36.1347587Z	4E0DD3456A6A4700B6350750D42C4460	GetOrderExchangeData	72958	
2016-08-11T01:26:38.1697457Z	4E0DD3456A6A4700B6350750D42C4460	OrderExchangeAdapter_GetFilesAsync	490	
2016-08-11T01:26:40.6024239Z	4E0DD3456A6A4700B6350750D42C4460	AttachmentRepository_SaveAsync	3178	
2016-08-11T01:26:40.6274015Z	4E0DD3456A6A4700B6350750D42C4460	AttachmentRepository_SaveAsync	1041	
2016-08-11T01:26:42.4097517Z	4E0DD3456A6A4700B6350750D42C4460	GetOrderExchangeData	20222	
2016-08-11T01:26:43.1760604Z	4E0DD3456A6A4700B6350750D42C4460	OrderExchangeAdapter_GetFilesAsync	499	
2016-08-11T01:26:44.8563622Z	4E0DD3456A6A4700B6350750D42C4460	AttachmentRepository_SaveAsync	182	
2016-08-11T01:26:54.0844212Z	4E0DD3456A6A4700B6350750D42C4460	CaseRepository_InsertAsync	13483	
2016-08-11T01:26:54.1013969Z	4E0DD3456A6A4700B6350750D42C4460	ProcessMessage	2009	
2016-08-11T01:26:55.2609506Z	4E0DD3456A6A4700B6350750D42C4460	CaseNotificationService_NotifyAboutAsync	1176	
2016-08-11T01:26:55.2609506Z	4E0DD3456A6A4700B6350750D42C4460	ProcessMessage	63367	
2016-08-11T01:26:58.0134384Z	4E0DD3456A6A4700B6350750D42C4460	CaseRepository_InsertAsync	13158	
2016-08-11T01:26:58.0404614Z	4E0DD3456A6A4700B6350750D42C4460	CaseRepository_InsertAsync	17414	
2016-08-11T01:26:58.9924767Z	4E0DD3456A6A4700B6350750D42C4460	CaseNotificationService_NotifyAboutAsync	979	
2016-08-11T01:26:58.9924767Z	4E0DD3456A6A4700B6350750D42C4460	ProcessMessage	36915	
2016-08-11T01:26:59.1554086Z	4E0DD3456A6A4700B6350750D42C4460	CaseNotificationService_NotifyAboutAsync	1116	
2016-08-11T01:26:59.1564113Z	4E0DD3456A6A4700B6350750D42C4460	ProcessMessage	97286	
2016-08-11T01:37:01.0537739Z	07F911621D08480393C5C56B28D4BD5C	ProcessMessage	29	
2016-08-11T01:37:28.5099887Z	07F911621D08480393C5C56B28D4BD5C	ProcessMessage	4	
2016-08-11T02:25:15.5710039Z	20A92453E8C846929940AC1EE8E010DE	GetPreviousVersion	0	
2016-08-11T02:25:46.1632062Z	20A92453E8C846929940AC1EE8E010DE	GetPreviousVersion	0	
2016-08-11T02:26:16.6903520Z	20A92453E8C846929940AC1EE8E010DE	GetPreviousVersion	0	
2016-08-11T02:26:25.4680970Z	20A92453E8C846929940AC1EE8E010DE	GetOrderExchangeData	39228	
2016-08-11T02:26:26.5144931Z	20A92453E8C846929940AC1EE8E010DE	GetOrderExchangeData	70590	
2016-08-11T02:26:46.5332647Z	20A92453E8C846929940AC1EE8E010DE	OrderExchangeAdapter_GetFilesAsync	492	
2016-08-11T02:26:47.0252586Z	20A92453E8C846929940AC1EE8E010DE	OrderExchangeAdapter_GetFilesAsync	1106	
2016-08-11T02:26:49.0042599Z	20A92453E8C846929940AC1EE8E010DE	GetPreviousVersion	0	
2016-08-11T02:26:51.1149110Z	20A92453E8C846929940AC1EE8E010DE	AttachmentRepository_SaveAsync	2111	
2016-08-11T02:26:53.4949742Z	20A92453E8C846929940AC1EE8E010DE	ProcessMessage	67334	
2016-08-11T02:26:58.2129912Z	20A92453E8C846929940AC1EE8E010DE	CaseRepository_InsertAsync	7099	
2016-08-11T02:26:59.4795687Z	20A92453E8C846929940AC1EE8E010DE	CaseNotificationService_NotifyAboutAsync	1267	
2016-08-11T02:26:59.4795687Z	20A92453E8C846929940AC1EE8E010DE	ProcessMessage	103981	
2016-08-11T02:27:06.3247915Z	20A92453E8C846929940AC1EE8E010DE	GetOrderExchangeData	16782	
2016-08-11T02:27:07.2267480Z	20A92453E8C846929940AC1EE8E010DE	OrderExchangeAdapter_GetFilesAsync	513	
2016-08-11T02:27:08.7227370Z	20A92453E8C846929940AC1EE8E010DE	AttachmentRepository_SaveAsync	80	
2016-08-11T02:27:09.5268675Z	20A92453E8C846929940AC1EE8E010DE	GetOrderExchangeData	18687	
2016-08-11T02:27:10.4040515Z	20A92453E8C846929940AC1EE8E010DE	OrderExchangeAdapter_GetFilesAsync	492	
2016-08-11T02:27:11.8360363Z	20A92453E8C846929940AC1EE8E010DE	AttachmentRepository_SaveAsync	85	
2016-08-11T02:27:21.9477164Z	20A92453E8C846929940AC1EE8E010DE	CaseRepository_InsertAsync	13224	
2016-08-11T02:27:23.0907243Z	20A92453E8C846929940AC1EE8E010DE	CaseNotificationService_NotifyAboutAsync	1143	
2016-08-11T02:27:23.0907243Z	20A92453E8C846929940AC1EE8E010DE	ProcessMessage	35944	
2016-08-11T02:27:24.8551000Z	20A92453E8C846929940AC1EE8E010DE	ProcessMessage	7666	
2016-08-11T02:27:31.1184912Z	20A92453E8C846929940AC1EE8E010DE	CaseRepository_InsertAsync	19283	
2016-08-11T02:27:32.2412469Z	20A92453E8C846929940AC1EE8E010DE	CaseNotificationService_NotifyAboutAsync	1122	
2016-08-11T02:27:32.2412469Z	20A92453E8C846929940AC1EE8E010DE	ProcessMessage	75554	
2016-08-11T02:33:04.6496104Z	07F911621D08480393C5C56B28D4BD5C	ProcessMessage	28	
2016-08-11T02:33:33.3954260Z	07F911621D08480393C5C56B28D4BD5C	ProcessMessage	5	
2016-08-11T03:25:06.8764762Z	496E68FFEFB4497FB0BC0972F2DBA5E2	GetPreviousVersion	0	
2016-08-11T03:25:37.3231576Z	496E68FFEFB4497FB0BC0972F2DBA5E2	GetPreviousVersion	0	
2016-08-11T03:26:07.8073705Z	496E68FFEFB4497FB0BC0972F2DBA5E2	GetPreviousVersion	0	
2016-08-11T03:26:18.6680208Z	496E68FFEFB4497FB0BC0972F2DBA5E2	GetOrderExchangeData	41261	
2016-08-11T03:26:19.4821552Z	496E68FFEFB4497FB0BC0972F2DBA5E2	OrderExchangeAdapter_GetFilesAsync	548	
2016-08-11T03:26:20.1491508Z	496E68FFEFB4497FB0BC0972F2DBA5E2	GetOrderExchangeData	73155	
2016-08-11T03:26:21.5521437Z	496E68FFEFB4497FB0BC0972F2DBA5E2	OrderExchangeAdapter_GetFilesAsync	504	
2016-08-11T03:26:24.9783335Z	496E68FFEFB4497FB0BC0972F2DBA5E2	AttachmentRepository_SaveAsync	2041	
2016-08-11T03:26:25.2710115Z	496E68FFEFB4497FB0BC0972F2DBA5E2	AttachmentRepository_SaveAsync	4285	
2016-08-11T03:26:26.0342220Z	496E68FFEFB4497FB0BC0972F2DBA5E2	GetOrderExchangeData	18134	
2016-08-11T03:26:26.7625668Z	496E68FFEFB4497FB0BC0972F2DBA5E2	OrderExchangeAdapter_GetFilesAsync	466	
2016-08-11T03:26:28.2092409Z	496E68FFEFB4497FB0BC0972F2DBA5E2	AttachmentRepository_SaveAsync	94	
2016-08-11T03:26:40.3209756Z	496E68FFEFB4497FB0BC0972F2DBA5E2	ProcessMessage	2079	
2016-08-11T03:26:49.9238306Z	496E68FFEFB4497FB0BC0972F2DBA5E2	CaseRepository_InsertAsync	24652	
2016-08-11T03:26:50.6247671Z	496E68FFEFB4497FB0BC0972F2DBA5E2	CaseRepository_InsertAsync	25647	
2016-08-11T03:26:51.0300531Z	496E68FFEFB4497FB0BC0972F2DBA5E2	CaseNotificationService_NotifyAboutAsync	1106	
2016-08-11T03:26:51.0300531Z	496E68FFEFB4497FB0BC0972F2DBA5E2	ProcessMessage	73711	
2016-08-11T03:26:51.0300531Z	496E68FFEFB4497FB0BC0972F2DBA5E2	CaseRepository_InsertAsync	22821	
2016-08-11T03:26:51.6323150Z	496E68FFEFB4497FB0BC0972F2DBA5E2	CaseNotificationService_NotifyAboutAsync	1007	
2016-08-11T03:26:51.6323150Z	496E68FFEFB4497FB0BC0972F2DBA5E2	ProcessMessage	104785	
2016-08-11T03:26:52.0187206Z	496E68FFEFB4497FB0BC0972F2DBA5E2	CaseNotificationService_NotifyAboutAsync	989	
2016-08-11T03:26:52.0187206Z	496E68FFEFB4497FB0BC0972F2DBA5E2	ProcessMessage	44216	
2016-08-11T03:33:14.4322713Z	07F911621D08480393C5C56B28D4BD5C	ProcessMessage	21	
2016-08-11T03:33:43.2771240Z	07F911621D08480393C5C56B28D4BD5C	ProcessMessage	4	
2016-08-11T04:26:12.8812942Z	64F8090D3C0F42828B842E59E1ED37DC	GetPreviousVersion	0	
2016-08-11T04:26:42.8731952Z	64F8090D3C0F42828B842E59E1ED37DC	GetPreviousVersion	0	
2016-08-11T04:27:13.1295882Z	64F8090D3C0F42828B842E59E1ED37DC	GetPreviousVersion	0	
2016-08-11T04:27:23.1505847Z	64F8090D3C0F42828B842E59E1ED37DC	GetOrderExchangeData	40191	
2016-08-11T04:27:23.9487926Z	64F8090D3C0F42828B842E59E1ED37DC	OrderExchangeAdapter_GetFilesAsync	513	
2016-08-11T04:27:25.4077832Z	64F8090D3C0F42828B842E59E1ED37DC	GetOrderExchangeData	72333	
2016-08-11T04:27:26.1859342Z	64F8090D3C0F42828B842E59E1ED37DC	OrderExchangeAdapter_GetFilesAsync	490	
2016-08-11T04:27:28.9519734Z	64F8090D3C0F42828B842E59E1ED37DC	AttachmentRepository_SaveAsync	3617	
2016-08-11T04:27:28.9599948Z	64F8090D3C0F42828B842E59E1ED37DC	AttachmentRepository_SaveAsync	1419	
2016-08-11T04:27:32.2181088Z	64F8090D3C0F42828B842E59E1ED37DC	GetOrderExchangeData	19003	
2016-08-11T04:27:32.9938656Z	64F8090D3C0F42828B842E59E1ED37DC	OrderExchangeAdapter_GetFilesAsync	507	
2016-08-11T04:27:34.4398484Z	64F8090D3C0F42828B842E59E1ED37DC	AttachmentRepository_SaveAsync	82	
2016-08-11T04:27:44.2418036Z	64F8090D3C0F42828B842E59E1ED37DC	ProcessMessage	760	
2016-08-11T04:27:48.2401492Z	64F8090D3C0F42828B842E59E1ED37DC	CaseRepository_InsertAsync	19288	
2016-08-11T04:27:48.2968071Z	64F8090D3C0F42828B842E59E1ED37DC	CaseRepository_InsertAsync	19337	
2016-08-11T04:27:48.3712361Z	64F8090D3C0F42828B842E59E1ED37DC	CaseRepository_InsertAsync	13931	
2016-08-11T04:27:49.5061963Z	64F8090D3C0F42828B842E59E1ED37DC	CaseNotificationService_NotifyAboutAsync	1267	
2016-08-11T04:27:49.5061963Z	64F8090D3C0F42828B842E59E1ED37DC	ProcessMessage	66644	
2016-08-11T04:27:49.6889033Z	64F8090D3C0F42828B842E59E1ED37DC	CaseNotificationService_NotifyAboutAsync	1317	
2016-08-11T04:27:49.6889033Z	64F8090D3C0F42828B842E59E1ED37DC	ProcessMessage	36563	
2016-08-11T04:27:50.2338350Z	64F8090D3C0F42828B842E59E1ED37DC	CaseNotificationService_NotifyAboutAsync	1937	
2016-08-11T04:27:50.2338350Z	64F8090D3C0F42828B842E59E1ED37DC	ProcessMessage	97373	
2016-08-11T04:31:35.0226577Z	07F911621D08480393C5C56B28D4BD5C	ProcessMessage	29	
2016-08-11T04:32:06.4880037Z	07F911621D08480393C5C56B28D4BD5C	ProcessMessage	3	
2016-08-11T05:24:35.5026278Z	842B3D00C81F4360989D7E286447D573	GetPreviousVersion	0	
2016-08-11T05:25:04.5789661Z	842B3D00C81F4360989D7E286447D573	GetPreviousVersion	0	
2016-08-11T05:25:34.8670664Z	842B3D00C81F4360989D7E286447D573	GetPreviousVersion	0	
2016-08-11T05:25:50.3869470Z	842B3D00C81F4360989D7E286447D573	GetOrderExchangeData	45714	
2016-08-11T05:25:51.1720959Z	842B3D00C81F4360989D7E286447D573	OrderExchangeAdapter_GetFilesAsync	518	
2016-08-11T05:25:51.4900963Z	842B3D00C81F4360989D7E286447D573	GetOrderExchangeData	75817	
2016-08-11T05:25:53.0780958Z	842B3D00C81F4360989D7E286447D573	OrderExchangeAdapter_GetFilesAsync	481	
2016-08-11T05:25:56.3870510Z	842B3D00C81F4360989D7E286447D573	GetOrderExchangeData	21213	
2016-08-11T05:25:56.7237607Z	842B3D00C81F4360989D7E286447D573	AttachmentRepository_SaveAsync	2231	
2016-08-11T05:25:56.7387606Z	842B3D00C81F4360989D7E286447D573	AttachmentRepository_SaveAsync	4148	
2016-08-11T05:25:57.0847606Z	842B3D00C81F4360989D7E286447D573	OrderExchangeAdapter_GetFilesAsync	501	
2016-08-11T05:25:58.6404664Z	842B3D00C81F4360989D7E286447D573	AttachmentRepository_SaveAsync	181	
2016-08-11T05:26:09.7159651Z	842B3D00C81F4360989D7E286447D573	ProcessMessage	4200	
2016-08-11T05:26:16.4967348Z	842B3D00C81F4360989D7E286447D573	CaseRepository_InsertAsync	19758	
2016-08-11T05:26:17.6651435Z	842B3D00C81F4360989D7E286447D573	CaseNotificationService_NotifyAboutAsync	1169	
2016-08-11T05:26:17.6651435Z	842B3D00C81F4360989D7E286447D573	ProcessMessage	73089	
2016-08-11T05:26:20.3261807Z	842B3D00C81F4360989D7E286447D573	CaseRepository_InsertAsync	21686	
2016-08-11T05:26:20.3261807Z	842B3D00C81F4360989D7E286447D573	CaseRepository_InsertAsync	23602	
2016-08-11T05:26:21.3018336Z	842B3D00C81F4360989D7E286447D573	CaseNotificationService_NotifyAboutAsync	975	
2016-08-11T05:26:21.3018336Z	842B3D00C81F4360989D7E286447D573	ProcessMessage	106742	
2016-08-11T05:26:21.4368048Z	842B3D00C81F4360989D7E286447D573	CaseNotificationService_NotifyAboutAsync	1111	
2016-08-11T05:26:21.4368048Z	842B3D00C81F4360989D7E286447D573	ProcessMessage	46573	
2016-08-11T05:32:54.7334780Z	07F911621D08480393C5C56B28D4BD5C	ProcessMessage	20	
2016-08-11T05:33:30.5256991Z	07F911621D08480393C5C56B28D4BD5C	ProcessMessage	4	
2016-08-11T06:17:58.2836588Z	AC5F5FA1076042EBAF2C16E32724D502	GetPreviousVersion	0	
2016-08-11T06:18:13.9094151Z	AC5F5FA1076042EBAF2C16E32724D502	GetOrderExchangeData	15376	
2016-08-11T06:18:14.4606392Z	AC5F5FA1076042EBAF2C16E32724D502	OrderExchangeAdapter_GetFilesAsync	70	
2016-08-11T06:18:15.8389455Z	AC5F5FA1076042EBAF2C16E32724D502	AttachmentRepository_SaveAsync	564	
2016-08-11T06:18:23.0730399Z	AC5F5FA1076042EBAF2C16E32724D502	CaseRepository_InsertAsync	7234	
2016-08-11T06:18:29.7550198Z	AC5F5FA1076042EBAF2C16E32724D502	ProcessMessage	1320	
2016-08-11T06:18:35.9668757Z	AC5F5FA1076042EBAF2C16E32724D502	CaseNotificationService_NotifyAboutAsync	12893	
2016-08-11T06:18:35.9668757Z	AC5F5FA1076042EBAF2C16E32724D502	ProcessMessage	37719	
2016-08-11T06:25:01.1968901Z	4B4CAE99A93643AF8446B645DC1DD29C	GetPreviousVersion	0	
2016-08-11T06:25:13.5750024Z	4B4CAE99A93643AF8446B645DC1DD29C	GetOrderExchangeData	12128	
2016-08-11T06:25:14.3323813Z	4B4CAE99A93643AF8446B645DC1DD29C	OrderExchangeAdapter_GetFilesAsync	502	
2016-08-11T06:25:16.8725012Z	4B4CAE99A93643AF8446B645DC1DD29C	AttachmentRepository_SaveAsync	1166	
2016-08-11T06:25:36.3094420Z	4B4CAE99A93643AF8446B645DC1DD29C	CaseRepository_InsertAsync	19437	
2016-08-11T06:25:37.4207020Z	4B4CAE99A93643AF8446B645DC1DD29C	CaseNotificationService_NotifyAboutAsync	1112	
2016-08-11T06:25:37.4207020Z	4B4CAE99A93643AF8446B645DC1DD29C	ProcessMessage	36250	
2016-08-11T06:25:43.8573776Z	4B4CAE99A93643AF8446B645DC1DD29C	ProcessMessage	12266	
2016-08-11T06:33:04.2065607Z	07F911621D08480393C5C56B28D4BD5C	ProcessMessage	1260	
2016-08-11T06:33:36.5471116Z	07F911621D08480393C5C56B28D4BD5C	ProcessMessage	2099	
2016-08-11T07:25:07.0343535Z	F34A566CD5DA4B46AFD4FE61D2D805FB	GetPreviousVersion	0	
2016-08-11T07:25:37.0558829Z	F34A566CD5DA4B46AFD4FE61D2D805FB	GetPreviousVersion	0	
2016-08-11T07:26:07.5055397Z	F34A566CD5DA4B46AFD4FE61D2D805FB	GetPreviousVersion	0	
2016-08-11T07:26:18.2655149Z	F34A566CD5DA4B46AFD4FE61D2D805FB	GetOrderExchangeData	41116	
2016-08-11T07:26:19.0492959Z	F34A566CD5DA4B46AFD4FE61D2D805FB	OrderExchangeAdapter_GetFilesAsync	520	
2016-08-11T07:26:19.9693019Z	F34A566CD5DA4B46AFD4FE61D2D805FB	GetOrderExchangeData	72779	
2016-08-11T07:26:21.5145768Z	F34A566CD5DA4B46AFD4FE61D2D805FB	OrderExchangeAdapter_GetFilesAsync	562	
2016-08-11T07:26:24.2691431Z	F34A566CD5DA4B46AFD4FE61D2D805FB	AttachmentRepository_SaveAsync	3595	
2016-08-11T07:26:24.4850137Z	F34A566CD5DA4B46AFD4FE61D2D805FB	AttachmentRepository_SaveAsync	1544	
2016-08-11T07:26:26.2502455Z	F34A566CD5DA4B46AFD4FE61D2D805FB	GetOrderExchangeData	18657	
2016-08-11T07:26:26.9609494Z	F34A566CD5DA4B46AFD4FE61D2D805FB	OrderExchangeAdapter_GetFilesAsync	495	
2016-08-11T07:26:28.4246784Z	F34A566CD5DA4B46AFD4FE61D2D805FB	AttachmentRepository_SaveAsync	71	
2016-08-11T07:26:39.0868790Z	F34A566CD5DA4B46AFD4FE61D2D805FB	ProcessMessage	1620	
2016-08-11T07:26:39.9182430Z	F34A566CD5DA4B46AFD4FE61D2D805FB	CaseRepository_InsertAsync	15650	
2016-08-11T07:26:40.5880492Z	F34A566CD5DA4B46AFD4FE61D2D805FB	CaseRepository_InsertAsync	12164	
2016-08-11T07:26:40.5890297Z	F34A566CD5DA4B46AFD4FE61D2D805FB	CaseRepository_InsertAsync	16105	
2016-08-11T07:26:41.0365387Z	F34A566CD5DA4B46AFD4FE61D2D805FB	CaseNotificationService_NotifyAboutAsync	1118	
2016-08-11T07:26:41.0365387Z	F34A566CD5DA4B46AFD4FE61D2D805FB	ProcessMessage	63986	
2016-08-11T07:26:41.5447593Z	F34A566CD5DA4B46AFD4FE61D2D805FB	CaseNotificationService_NotifyAboutAsync	955	
2016-08-11T07:26:41.5447593Z	F34A566CD5DA4B46AFD4FE61D2D805FB	ProcessMessage	94538	
2016-08-11T07:26:41.9049465Z	F34A566CD5DA4B46AFD4FE61D2D805FB	CaseNotificationService_NotifyAboutAsync	1316	
2016-08-11T07:26:41.9049465Z	F34A566CD5DA4B46AFD4FE61D2D805FB	ProcessMessage	34403	
2016-08-11T07:32:47.8951328Z	07F911621D08480393C5C56B28D4BD5C	ProcessMessage	30	
2016-08-11T07:33:19.7233813Z	07F911621D08480393C5C56B28D4BD5C	ProcessMessage	1038	
2016-08-11T08:01:19.4712763Z	9D41E3846DE548308BFE6DBCF0B9094E	GetPreviousVersion	0	
2016-08-11T08:01:49.4521583Z	9D41E3846DE548308BFE6DBCF0B9094E	GetPreviousVersion	0	
2016-08-11T08:01:54.3120604Z	9D41E3846DE548308BFE6DBCF0B9094E	GetOrderExchangeData	34715	
2016-08-11T08:01:54.7964937Z	9D41E3846DE548308BFE6DBCF0B9094E	OrderExchangeAdapter_GetFilesAsync	67	
2016-08-11T08:01:55.6574992Z	9D41E3846DE548308BFE6DBCF0B9094E	GetOrderExchangeData	6105	
2016-08-11T08:01:56.3135006Z	9D41E3846DE548308BFE6DBCF0B9094E	OrderExchangeAdapter_GetFilesAsync	65	
2016-08-11T08:01:56.3825013Z	9D41E3846DE548308BFE6DBCF0B9094E	AttachmentRepository_SaveAsync	767	
2016-08-11T08:01:57.1265068Z	9D41E3846DE548308BFE6DBCF0B9094E	AttachmentRepository_SaveAsync	10	
2016-08-11T08:02:04.2397725Z	9D41E3846DE548308BFE6DBCF0B9094E	CaseRepository_InsertAsync	7857	
2016-08-11T08:02:06.0289747Z	9D41E3846DE548308BFE6DBCF0B9094E	CaseRepository_InsertAsync	8902	
2016-08-11T08:02:17.6023700Z	9D41E3846DE548308BFE6DBCF0B9094E	CaseNotificationService_NotifyAboutAsync	13363	
2016-08-11T08:02:17.6023700Z	9D41E3846DE548308BFE6DBCF0B9094E	ProcessMessage	58157	
2016-08-11T08:02:17.6033764Z	9D41E3846DE548308BFE6DBCF0B9094E	CaseNotificationService_NotifyAboutAsync	11575	
2016-08-11T08:02:17.6033764Z	9D41E3846DE548308BFE6DBCF0B9094E	ProcessMessage	28154	
2016-08-11T08:06:35.2553997Z	3DA3D76911B0416BAD18A62EA5D02175	GetPreviousVersion	0	
2016-08-11T08:06:42.2698715Z	3DA3D76911B0416BAD18A62EA5D02175	GetOrderExchangeData	6909	
2016-08-11T08:06:42.7510945Z	3DA3D76911B0416BAD18A62EA5D02175	OrderExchangeAdapter_GetFilesAsync	71	
2016-08-11T08:06:44.3366101Z	3DA3D76911B0416BAD18A62EA5D02175	AttachmentRepository_SaveAsync	680	
2016-08-11T08:06:50.2773408Z	3DA3D76911B0416BAD18A62EA5D02175	CaseRepository_InsertAsync	5940	
2016-08-11T08:06:52.1909935Z	3DA3D76911B0416BAD18A62EA5D02175	CaseNotificationService_NotifyAboutAsync	1914	
2016-08-11T08:06:52.1909935Z	3DA3D76911B0416BAD18A62EA5D02175	ProcessMessage	16963	
2016-08-11T08:08:21.7985668Z	220BEA299208478E9DFA6E45B2CB10CA	GetPreviousVersion	0	
2016-08-11T08:08:27.1081436Z	220BEA299208478E9DFA6E45B2CB10CA	GetOrderExchangeData	5221	
2016-08-11T08:08:27.7374353Z	220BEA299208478E9DFA6E45B2CB10CA	OrderExchangeAdapter_GetFilesAsync	76	
2016-08-11T08:08:29.5208955Z	220BEA299208478E9DFA6E45B2CB10CA	AttachmentRepository_SaveAsync	972	
2016-08-11T08:08:33.7776710Z	220BEA299208478E9DFA6E45B2CB10CA	CaseRepository_InsertAsync	4257	
2016-08-11T08:08:35.7035217Z	220BEA299208478E9DFA6E45B2CB10CA	CaseNotificationService_NotifyAboutAsync	1926	
2016-08-11T08:08:35.7035217Z	220BEA299208478E9DFA6E45B2CB10CA	ProcessMessage	13909	
2016-08-11T08:09:53.9675976Z	B3DF62C5DC734643B03DE03442209E47	GetPreviousVersion	0	
2016-08-11T08:09:58.7570241Z	B3DF62C5DC734643B03DE03442209E47	GetOrderExchangeData	4669	
2016-08-11T08:09:59.2726429Z	B3DF62C5DC734643B03DE03442209E47	OrderExchangeAdapter_GetFilesAsync	79	
2016-08-11T08:10:00.7913501Z	B3DF62C5DC734643B03DE03442209E47	AttachmentRepository_SaveAsync	671	
2016-08-11T08:10:08.3000716Z	B3DF62C5DC734643B03DE03442209E47	CaseRepository_InsertAsync	7508	
2016-08-11T08:10:10.4519616Z	B3DF62C5DC734643B03DE03442209E47	CaseNotificationService_NotifyAboutAsync	2152	
2016-08-11T08:10:10.4519616Z	B3DF62C5DC734643B03DE03442209E47	ProcessMessage	16487	
2016-08-11T08:17:53.0943303Z	23945CFF374B429CBD8765473017E78B	GetPreviousVersion	0	
2016-08-11T08:18:03.7081053Z	23945CFF374B429CBD8765473017E78B	GetOrderExchangeData	10501	
2016-08-11T08:18:04.4623823Z	23945CFF374B429CBD8765473017E78B	OrderExchangeAdapter_GetFilesAsync	364	
2016-08-11T08:18:08.8272511Z	23945CFF374B429CBD8765473017E78B	AttachmentRepository_SaveAsync	1769	
2016-08-11T08:18:22.7301322Z	23945CFF374B429CBD8765473017E78B	CaseRepository_InsertAsync	13903	
2016-08-11T08:18:23.0927843Z	23945CFF374B429CBD8765473017E78B	ProcessMessage	7	
2016-08-11T08:18:24.6596038Z	23945CFF374B429CBD8765473017E78B	CaseNotificationService_NotifyAboutAsync	1930	
2016-08-11T08:18:24.6596038Z	23945CFF374B429CBD8765473017E78B	ProcessMessage	31623	
2016-08-11T08:19:57.6531054Z	8E977B7522154BB88094292FFE7DDBED	GetPreviousVersion	0	
2016-08-11T08:20:08.1900666Z	8E977B7522154BB88094292FFE7DDBED	GetOrderExchangeData	10454	
2016-08-11T08:20:08.9344833Z	8E977B7522154BB88094292FFE7DDBED	OrderExchangeAdapter_GetFilesAsync	345	
2016-08-11T08:20:12.9033097Z	8E977B7522154BB88094292FFE7DDBED	AttachmentRepository_SaveAsync	1665	
2016-08-11T08:20:17.0616615Z	8E977B7522154BB88094292FFE7DDBED	CaseRepository_InsertAsync	4159	
2016-08-11T08:20:18.8448505Z	8E977B7522154BB88094292FFE7DDBED	CaseNotificationService_NotifyAboutAsync	1784	
2016-08-11T08:20:18.8448505Z	8E977B7522154BB88094292FFE7DDBED	ProcessMessage	21196	
2016-08-11T08:25:15.0291658Z	60DD069E1CAB4D53AC9480BA1AC9512D	GetPreviousVersion	0	
2016-08-11T08:25:26.9167122Z	60DD069E1CAB4D53AC9480BA1AC9512D	GetOrderExchangeData	11759	
2016-08-11T08:25:27.7562877Z	60DD069E1CAB4D53AC9480BA1AC9512D	OrderExchangeAdapter_GetFilesAsync	506	
2016-08-11T08:25:30.6059494Z	60DD069E1CAB4D53AC9480BA1AC9512D	AttachmentRepository_SaveAsync	1432	
2016-08-11T08:25:45.7834392Z	60DD069E1CAB4D53AC9480BA1AC9512D	ProcessMessage	682	
2016-08-11T08:25:46.2252199Z	60DD069E1CAB4D53AC9480BA1AC9512D	CaseRepository_InsertAsync	15619	
2016-08-11T08:25:47.3323813Z	60DD069E1CAB4D53AC9480BA1AC9512D	CaseNotificationService_NotifyAboutAsync	1107	
2016-08-11T08:25:47.3323813Z	60DD069E1CAB4D53AC9480BA1AC9512D	ProcessMessage	32332	
2016-08-11T08:31:11.9898994Z	07F911621D08480393C5C56B28D4BD5C	ProcessMessage	29	
2016-08-11T08:31:38.6258878Z	07F911621D08480393C5C56B28D4BD5C	ProcessMessage	4	
2016-08-11T09:25:10.3865798Z	636CEB19F95A470D96C0273202BDE4EE	GetPreviousVersion	0	
2016-08-11T09:25:40.8528974Z	636CEB19F95A470D96C0273202BDE4EE	GetPreviousVersion	0	
2016-08-11T09:26:11.4311294Z	636CEB19F95A470D96C0273202BDE4EE	GetPreviousVersion	0	
2016-08-11T09:26:21.8047906Z	636CEB19F95A470D96C0273202BDE4EE	GetOrderExchangeData	40854	
2016-08-11T09:26:22.5581592Z	636CEB19F95A470D96C0273202BDE4EE	OrderExchangeAdapter_GetFilesAsync	511	
2016-08-11T09:26:25.2400826Z	636CEB19F95A470D96C0273202BDE4EE	AttachmentRepository_SaveAsync	1324	
2016-08-11T09:26:25.7441355Z	636CEB19F95A470D96C0273202BDE4EE	GetOrderExchangeData	75230	
2016-08-11T09:26:26.5227182Z	636CEB19F95A470D96C0273202BDE4EE	OrderExchangeAdapter_GetFilesAsync	472	
2016-08-11T09:26:27.9573774Z	636CEB19F95A470D96C0273202BDE4EE	AttachmentRepository_SaveAsync	88	
2016-08-11T09:26:29.6965099Z	636CEB19F95A470D96C0273202BDE4EE	GetOrderExchangeData	18180	
2016-08-11T09:26:31.0045704Z	636CEB19F95A470D96C0273202BDE4EE	OrderExchangeAdapter_GetFilesAsync	477	
2016-08-11T09:26:32.3785508Z	636CEB19F95A470D96C0273202BDE4EE	AttachmentRepository_SaveAsync	78	
2016-08-11T09:26:38.9866539Z	636CEB19F95A470D96C0273202BDE4EE	CaseRepository_InsertAsync	11029	
2016-08-11T09:26:38.9866539Z	636CEB19F95A470D96C0273202BDE4EE	CaseRepository_InsertAsync	13747	
2016-08-11T09:26:40.3689401Z	636CEB19F95A470D96C0273202BDE4EE	CaseNotificationService_NotifyAboutAsync	1383	
2016-08-11T09:26:40.3689401Z	636CEB19F95A470D96C0273202BDE4EE	ProcessMessage	90002	
2016-08-11T09:26:40.4069467Z	636CEB19F95A470D96C0273202BDE4EE	CaseNotificationService_NotifyAboutAsync	1420	
2016-08-11T09:26:40.4069467Z	636CEB19F95A470D96C0273202BDE4EE	ProcessMessage	59557	
2016-08-11T09:26:46.5535049Z	636CEB19F95A470D96C0273202BDE4EE	CaseRepository_InsertAsync	14175	
2016-08-11T09:26:46.5565092Z	636CEB19F95A470D96C0273202BDE4EE	ProcessMessage	4396	
2016-08-11T09:26:47.5211985Z	636CEB19F95A470D96C0273202BDE4EE	CaseNotificationService_NotifyAboutAsync	967	
2016-08-11T09:26:47.5211985Z	636CEB19F95A470D96C0273202BDE4EE	ProcessMessage	36093	
2016-08-11T09:33:32.3245157Z	07F911621D08480393C5C56B28D4BD5C	ProcessMessage	34	
2016-08-11T09:34:02.7737026Z	07F911621D08480393C5C56B28D4BD5C	ProcessMessage	5	
2016-08-11T09:47:33.1304711Z	7E70E6B755D842339734D83CCF64AE99	GetPreviousVersion	0	
2016-08-11T09:47:47.4454384Z	7E70E6B755D842339734D83CCF64AE99	GetOrderExchangeData	14163	
2016-08-11T09:47:48.4870051Z	7E70E6B755D842339734D83CCF64AE99	OrderExchangeAdapter_GetFilesAsync	645	
2016-08-11T09:47:54.0267710Z	7E70E6B755D842339734D83CCF64AE99	AttachmentRepository_SaveAsync	2199	
2016-08-11T09:48:05.2762546Z	7E70E6B755D842339734D83CCF64AE99	ProcessMessage	1239	
2016-08-11T09:48:10.3609070Z	7E70E6B755D842339734D83CCF64AE99	CaseRepository_InsertAsync	16333	
2016-08-11T09:48:11.5137566Z	7E70E6B755D842339734D83CCF64AE99	CaseNotificationService_NotifyAboutAsync	1153	
2016-08-11T09:48:11.5157560Z	7E70E6B755D842339734D83CCF64AE99	ProcessMessage	38414	
2016-08-11T10:25:10.0869320Z	B2180AB69791403CAD1316A62AA3FEB8	GetPreviousVersion	0	
2016-08-11T10:25:38.8782060Z	B2180AB69791403CAD1316A62AA3FEB8	GetOrderExchangeData	28664	
2016-08-11T10:25:39.6875188Z	B2180AB69791403CAD1316A62AA3FEB8	OrderExchangeAdapter_GetFilesAsync	494	
2016-08-11T10:25:40.7934841Z	B2180AB69791403CAD1316A62AA3FEB8	GetPreviousVersion	0	
2016-08-11T10:25:42.3088268Z	B2180AB69791403CAD1316A62AA3FEB8	AttachmentRepository_SaveAsync	1268	
2016-08-11T10:25:46.1660169Z	B2180AB69791403CAD1316A62AA3FEB8	CaseRepository_InsertAsync	3857	
2016-08-11T10:25:47.3498320Z	B2180AB69791403CAD1316A62AA3FEB8	CaseNotificationService_NotifyAboutAsync	1184	
2016-08-11T10:25:47.3498320Z	B2180AB69791403CAD1316A62AA3FEB8	ProcessMessage	37299	
2016-08-11T10:25:52.3515944Z	B2180AB69791403CAD1316A62AA3FEB8	GetOrderExchangeData	11220	
2016-08-11T10:25:53.1484509Z	B2180AB69791403CAD1316A62AA3FEB8	OrderExchangeAdapter_GetFilesAsync	520	
2016-08-11T10:25:54.6121027Z	B2180AB69791403CAD1316A62AA3FEB8	AttachmentRepository_SaveAsync	143	
2016-08-11T10:26:04.6075670Z	B2180AB69791403CAD1316A62AA3FEB8	CaseRepository_InsertAsync	9995	
2016-08-11T10:26:05.6046826Z	B2180AB69791403CAD1316A62AA3FEB8	CaseNotificationService_NotifyAboutAsync	997	
2016-08-11T10:26:05.6046826Z	B2180AB69791403CAD1316A62AA3FEB8	ProcessMessage	25004	
2016-08-11T10:31:29.5370708Z	07F911621D08480393C5C56B28D4BD5C	ProcessMessage	28	
2016-08-11T10:32:03.2635089Z	07F911621D08480393C5C56B28D4BD5C	ProcessMessage	4	
2016-08-11T11:00:43.1184014Z	82A49511E3E94A558A60C5CB1C660C34	GetPreviousVersion	0	
2016-08-11T11:00:55.0781503Z	82A49511E3E94A558A60C5CB1C660C34	GetOrderExchangeData	11833	
2016-08-11T11:00:56.0950967Z	82A49511E3E94A558A60C5CB1C660C34	OrderExchangeAdapter_GetFilesAsync	330	
2016-08-11T11:01:00.1690733Z	82A49511E3E94A558A60C5CB1C660C34	AttachmentRepository_SaveAsync	1809	
2016-08-11T11:01:04.2475529Z	82A49511E3E94A558A60C5CB1C660C34	CaseRepository_InsertAsync	4078	
2016-08-11T11:01:13.6119918Z	82A49511E3E94A558A60C5CB1C660C34	ProcessMessage	4	
2016-08-11T11:01:17.2826108Z	82A49511E3E94A558A60C5CB1C660C34	CaseNotificationService_NotifyAboutAsync	13035	
2016-08-11T11:01:17.2826108Z	82A49511E3E94A558A60C5CB1C660C34	ProcessMessage	34193	
2016-08-11T11:11:07.1728483Z	53F4B29B489440E9A1A1588942015470	GetPreviousVersion	0	
2016-08-11T11:11:13.0499077Z	53F4B29B489440E9A1A1588942015470	GetOrderExchangeData	5790	
2016-08-11T11:11:13.5827495Z	53F4B29B489440E9A1A1588942015470	OrderExchangeAdapter_GetFilesAsync	71	
2016-08-11T11:11:15.1370745Z	53F4B29B489440E9A1A1588942015470	AttachmentRepository_SaveAsync	641	
2016-08-11T11:11:19.8955924Z	53F4B29B489440E9A1A1588942015470	CaseRepository_InsertAsync	4759	
2016-08-11T11:11:21.8490076Z	53F4B29B489440E9A1A1588942015470	CaseNotificationService_NotifyAboutAsync	1954	
2016-08-11T11:11:21.8500796Z	53F4B29B489440E9A1A1588942015470	ProcessMessage	14697	
2016-08-11T11:21:34.0695893Z	A7DD0F054F5A4C9F9A8BE3BE59964A55	GetPreviousVersion	0	
2016-08-11T11:21:40.6486567Z	A7DD0F054F5A4C9F9A8BE3BE59964A55	GetOrderExchangeData	6485	
2016-08-11T11:21:41.8424593Z	A7DD0F054F5A4C9F9A8BE3BE59964A55	OrderExchangeAdapter_GetFilesAsync	66	
2016-08-11T11:21:43.3127704Z	A7DD0F054F5A4C9F9A8BE3BE59964A55	AttachmentRepository_SaveAsync	646	
2016-08-11T11:21:48.5303370Z	A7DD0F054F5A4C9F9A8BE3BE59964A55	CaseRepository_InsertAsync	5217	
2016-08-11T11:21:50.2059310Z	A7DD0F054F5A4C9F9A8BE3BE59964A55	CaseNotificationService_NotifyAboutAsync	1676	
2016-08-11T11:21:50.2059310Z	A7DD0F054F5A4C9F9A8BE3BE59964A55	ProcessMessage	16171	
2016-08-11T11:25:16.3413669Z	078522AACDC74B32B8AC69559847F71F	GetPreviousVersion	0	
2016-08-11T11:25:27.6351509Z	078522AACDC74B32B8AC69559847F71F	GetOrderExchangeData	11202	
2016-08-11T11:25:28.4979430Z	078522AACDC74B32B8AC69559847F71F	OrderExchangeAdapter_GetFilesAsync	592	
2016-08-11T11:25:31.2477211Z	078522AACDC74B32B8AC69559847F71F	AttachmentRepository_SaveAsync	1328	
2016-08-11T11:25:45.0485286Z	078522AACDC74B32B8AC69559847F71F	CaseRepository_InsertAsync	13801	
2016-08-11T11:25:46.1020955Z	078522AACDC74B32B8AC69559847F71F	CaseNotificationService_NotifyAboutAsync	1053	
2016-08-11T11:25:46.1020955Z	078522AACDC74B32B8AC69559847F71F	ProcessMessage	29780	
2016-08-11T11:31:21.3506864Z	07F911621D08480393C5C56B28D4BD5C	ProcessMessage	30	
2016-08-11T11:31:44.4497464Z	07F911621D08480393C5C56B28D4BD5C	ProcessMessage	4	
